<?xml version="1.0" encoding="utf-8" standalone="no"?>
<test-results xmlns:xsi="http://www.w3.org/2001/XMLSchema-instance" xsi:noNamespaceSchemaLocation="nunit_schema_2.5.xsd" name="Pester" total="3" errors="0" failures="0" not-run="0" inconclusive="0" ignored="0" skipped="0" invalid="0" date="2026-03-03" time="06:50:36">
  <environment cwd="/Users/slos/Downloads/CarveOutToNewCo-main" clr-version="9.0.10" os-version="25.3.0" user="slos" user-domain="" machine-name="CHI-SLOS-MBP" platform="Darwin" nunit-version="2.5.8.0" />
  <culture-info current-culture="en-US" current-uiculture="en-US" />
  <test-suite type="TestFixture" name="Pester" executed="True" result="Success" success="True" time="0.5716" asserts="0" description="Pester">
    <results>
      <test-suite type="TestFixture" name="/Users/slos/Downloads/CarveOutToNewCo-main/Tests/MembershipTemplateContracts.Tests.ps1" executed="True" result="Success" success="True" time="0.29" asserts="0" description="/Users/slos/Downloads/CarveOutToNewCo-main/Tests/MembershipTemplateContracts.Tests.ps1">
        <results>
          <test-suite type="TestFixture" name="Membership Template Contracts" executed="True" result="Success" success="True" time="0.114" asserts="0" description="Membership Template Contracts">
            <results>
              <test-case description="M3007 template includes MemberAction with Add/Remove values" name="Membership Template Contracts.M3007 template includes MemberAction with Add/Remove values" time="0.0767" asserts="0" success="True" result="Success" executed="True" />
              <test-case description="M3115 template includes MemberAction with Add/Remove values" name="Membership Template Contracts.M3115 template includes MemberAction with Add/Remove values" time="0.0173" asserts="0" success="True" result="Success" executed="True" />
            </results>
          </test-suite>
        </results>
      </test-suite>
      <test-suite type="TestFixture" name="/Users/slos/Downloads/CarveOutToNewCo-main/Tests/RepositoryContracts.Tests.ps1" executed="True" result="Success" success="True" time="0.2816" asserts="0" description="/Users/slos/Downloads/CarveOutToNewCo-main/Tests/RepositoryContracts.Tests.ps1">
        <results>
          <test-suite type="TestFixture" name="Repository Contracts" executed="True" result="Success" success="True" time="0.2714" asserts="0" description="Repository Contracts">
            <results>
              <test-case description="passes repository contract validation" name="Repository Contracts.passes repository contract validation" time="0.2568" asserts="0" success="True" result="Success" executed="True" />
            </results>
          </test-suite>
        </results>
      </test-suite>
    </results>
  </test-suite>
</test-results>